<?xml version="1.0" encoding="UTF-8"?>
<!-- Generated by org.testng.reporters.JUnitReportReporter -->
<testsuite hostname="Deoghan" failures="0" tests="1" name="cucumber.TestNGTestRunner" time="13.687" errors="0" timestamp="2024-05-15T14:35:29 SAST" skipped="0">
  <testcase classname="cucumber.TestNGTestRunner" name="runScenario" time="13.687"/>
</testsuite> <!-- cucumber.TestNGTestRunner -->
