<?xml version="1.0" encoding="UTF-8"?>
<!-- Generated by org.testng.reporters.JUnitReportReporter -->
<testsuite hostname="Deoghan" failures="0" tests="2" name="rahulshettyacademy.tests.ErrorValidationsTest" time="20.000" errors="0" timestamp="2024-05-16T13:00:39 SAST" skipped="0">
  <testcase classname="rahulshettyacademy.tests.ErrorValidationsTest" name="ProductErrorValidation" time="10.956"/>
  <testcase classname="rahulshettyacademy.tests.ErrorValidationsTest" name="LoginErrorValidation" time="9.044"/>
</testsuite> <!-- rahulshettyacademy.tests.ErrorValidationsTest -->
