<?xml version="1.0" encoding="UTF-8"?>
<!-- Generated by org.testng.reporters.JUnitReportReporter -->
<testsuite hostname="Deoghan" failures="0" tests="1" name="rahulshettyacademy.tests.testGit" time="0.007" errors="0" timestamp="2024-05-16T08:58:01 SAST" skipped="0">
  <testcase classname="rahulshettyacademy.tests.testGit" name="helloMsg" time="0.007"/>
</testsuite> <!-- rahulshettyacademy.tests.testGit -->
